 ---=== Start Migration of project DataPrivacy ===---
 * Task [Encrypt passwords for nexus proxy password in project setting preference] : Nothing to do
 * Task [ResetMavenTemplateMigrationTask] : Applied successfully
 * Task [tFtileInputJson convert USE_NASHORN to JDK_VERSION] : Nothing to do
 * Task [Set default version in tMicrosoftCRMXxx] : Nothing to do
 * Task [Rename Netsuite components to NetSuiteLegacy] : Nothing to do
 * Task [ProjectPomTemplateMigrationTask] : Applied successfully
 * Task [CleanArtifactProxyCredentialFromPreferenceMigrationTask] : Nothing to do
 * Task [RenameDBTypeInProjectSettingsMigrationTask] : Applied successfully
 * Task [ChangePostgresPlusDBType4ProjectSettingsMigrationTask] : Nothing to do
 * Task [UpdateEnableAutoConversionTypeMigrationTask] : Nothing to do
 * Task [DeleteWork_MapDBFolderMigrationTask] : Nothing to do
 * Task [UpdateSystemRoutineChangesMigrationTask] : Applied successfully
 * Task [Fix a problem of project resources linked to items] : Nothing to do
 * Task [SpecialUpdateELTConnectorNameToDefaultName4JDBCMigrationTask] : Nothing to do
 * Task [NewTckJDBCMigrationTask] : Nothing to do
 * Task [ChangeReturnKeysDefault4tAS400Output] : Nothing to do
 * Task [UncheckBson2JsonTask] : Nothing to do
 * Task [RemoveDuplicateContextReferencesMigrationTask] : Nothing to do
 * Task [Change4OptionalTrustStore4tSetKeystore] : Nothing to do
 * Task [AddDistributionForDIItemMigrationTask] : Nothing to do
 * Task [ReplaceSQSCheckBoxWithDropDownListMigrationTask] : Nothing to do
 * Task [FunctionParameterNameMigrationTask] : Applied successfully
 * Task [JiraTcompv0ToTCKMigrationTask] : Nothing to do
 * Task [SplunkTcompv0ToTCKMigrationTask] : Nothing to do
 * Task [ChangeDefaultValueLocalFileCopyInPostgresql] : Nothing to do
 * Task [GenericJDBCConnectionsToTacokitJDBCMigrationTask] : Nothing to do
 * Task [UnifyPostgresPlusComponentsToReusePostgres] : Nothing to do
 * Task [UpdateDynamicSettingsForEsbComponents] : Nothing to do
 * Task [ReplaceBackSlashWithSlashInGSPut] : Nothing to do
 * Task [RenameDBTypeInJobSettingsMigrationTask] : Applied successfully
 * Task [ChangeToPostgresInJobSettingsMigrationTask] : Nothing to do
 * Task [ReplacePostgresPlusConnectionByPostgresConnectionMigrationTask] : Nothing to do
 * Task [UpdateTDataQualityRulesWebAppTask] : Nothing to do
 * Task [UncheckBase64ForBufferIO] : Applied successfully
 * Task [ResetDefaultHintFormatMigrationTask] : Nothing to do
 * Task [ResetDefaultHintFormatMigrationTask] : Nothing to do
 * Task [MigrateJavaxToJakartaInJMSMigrationTask] : Nothing to do
 * Task [AddHbaseAndHadoopVersionForHbaseMetadata] : Nothing to do
 * Task [ChangeContextModeForTcompv0MigrationTask] : Nothing to do
 * Task [AutoUpdateRelationsMigrationTask] : Applied successfully
 ---=== End of migration ===---
